Using pre-set license
Built from '2020.2/staging' branch; Version is '2020.2.6f1 (8a2143876886) revision 9052483'; Using compiler version '192528614'; Build Type 'Release'
OS: 'Windows 10 Home; OS build 19041.804; Version 2004; 64bit' Language: 'en' Physical Memory: 12173 MB
BatchMode: 1, IsHumanControllingUs: 0, StartBugReporterOnCrash: 0, Is64bit: 1, IsPro: 0

 COMMAND LINE ARGUMENTS:
C:\Program Files\Unity\Hub\Editor\2020.2.6f1\Editor\Unity.exe
-adb2
-batchMode
-noUpm
-name
AssetImportWorker0
-projectPath
C:/Users/dasob/MonsterConquest/Monster_Conquest
-logFile
Logs/AssetImportWorker0.log
-srvPort
62020
Successfully changed project path to: C:/Users/dasob/MonsterConquest/Monster_Conquest
C:/Users/dasob/MonsterConquest/Monster_Conquest
Using Asset Import Pipeline V2.
Refreshing native plugins compatible for Editor in 44.73 ms, found 1 plugins.
Preloading 0 native plugins for Editor in 0.00 ms.
Initialize engine version: 2020.2.6f1 (8a2143876886)
[Subsystems] Discovering subsystems at path C:/Program Files/Unity/Hub/Editor/2020.2.6f1/Editor/Data/Resources/UnitySubsystems
[Subsystems] Discovering subsystems at path C:/Users/dasob/MonsterConquest/Monster_Conquest/Assets
GfxDevice: creating device client; threaded=0
Direct3D:
    Version:  Direct3D 11.0 [level 11.1]
    Renderer: Intel(R) HD Graphics 620 (ID=0x5916)
    Vendor:   
    VRAM:     6086 MB
    Driver:   23.20.16.4973
Initialize mono
Mono path[0] = 'C:/Program Files/Unity/Hub/Editor/2020.2.6f1/Editor/Data/Managed'
Mono path[1] = 'C:/Program Files/Unity/Hub/Editor/2020.2.6f1/Editor/Data/MonoBleedingEdge/lib/mono/unityjit'
Mono config path = 'C:/Program Files/Unity/Hub/Editor/2020.2.6f1/Editor/Data/MonoBleedingEdge/etc'
Using monoOptions --debugger-agent=transport=dt_socket,embedding=1,server=y,suspend=n,address=127.0.0.1:56088
Begin MonoManager ReloadAssembly
Registering precompiled unity dll's ...
Register platform support module: C:/Program Files/Unity/Hub/Editor/2020.2.6f1/Editor/Data/PlaybackEngines/WebGLSupport/UnityEditor.WebGL.Extensions.dll
Register platform support module: C:/Program Files/Unity/Hub/Editor/2020.2.6f1/Editor/Data/PlaybackEngines/MacStandaloneSupport/UnityEditor.OSXStandalone.Extensions.dll
Register platform support module: C:/Program Files/Unity/Hub/Editor/2020.2.6f1/Editor/Data/PlaybackEngines/WindowsStandaloneSupport/UnityEditor.WindowsStandalone.Extensions.dll
Register platform support module: C:/Program Files/Unity/Hub/Editor/2020.2.6f1/Editor/Data/PlaybackEngines/LuminSupport/UnityEditor.Lumin.Extensions.dll
Registered in 0.004539 seconds.
Native extension for Lumin target not found
Native extension for WindowsStandalone target not found
Native extension for OSXStandalone target not found
Native extension for WebGL target not found
Refreshing native plugins compatible for Editor in 39.75 ms, found 1 plugins.
Preloading 0 native plugins for Editor in 0.00 ms.
Invoked RoslynAnalysisRunner static constructor.
RoslynAnalysisRunner will not be running.
RoslynAnalysisRunner has terminated.
Mono: successfully reloaded assembly
- Completed reload, in  1.646 seconds
Platform modules already initialized, skipping
Registering precompiled user dll's ...
Registered in 0.001304 seconds.
Begin MonoManager ReloadAssembly
Native extension for Lumin target not found
Native extension for WindowsStandalone target not found
Native extension for OSXStandalone target not found
Native extension for WebGL target not found
Refreshing native plugins compatible for Editor in 39.48 ms, found 1 plugins.
Preloading 0 native plugins for Editor in 0.00 ms.
Invoked RoslynAnalysisRunner static constructor.
RoslynAnalysisRunner will not be running.
RoslynAnalysisRunner has terminated.
Mono: successfully reloaded assembly
- Completed reload, in  1.246 seconds
Platform modules already initialized, skipping
========================================================================
Worker process is ready to serve import requests
Launched and connected shader compiler UnityShaderCompiler.exe after 0.07 seconds
Refreshing native plugins compatible for Editor in 0.54 ms, found 1 plugins.
Preloading 0 native plugins for Editor in 0.00 ms.
Unloading 1796 Unused Serialized files (Serialized files now loaded: 0)
System memory in use before: 84.6 MB.
System memory in use after: 84.6 MB.

Unloading 23 unused Assets to reduce memory usage. Loaded Objects now: 2241.
Total: 2.177300 ms (FindLiveObjects: 0.219200 ms CreateObjectMapping: 0.109500 ms MarkObjects: 1.721700 ms  DeleteObjects: 0.125500 ms)

========================================================================
Received Import Request.
  path: Assets/Sprites/Tiles/RiverRight.png
  artifactKey: Guid(11ad1b44b91371f42a7a65a93b2fb366) Importer(815301076,1909f56bfc062723c751e8b465ee728b)
Start importing Assets/Sprites/Tiles/RiverRight.png using Guid(11ad1b44b91371f42a7a65a93b2fb366) Importer(815301076,1909f56bfc062723c751e8b465ee728b)  -> (artifact id: '647fe2a36c509ca839f5b62b24d924c9') in 0.379621 seconds
  Import took 0.400598 seconds .

========================================================================
Received Import Request.
  Time since last request: 0.000342 seconds.
  path: Assets/Sprites/Tiles/RiverLeft.png
  artifactKey: Guid(430e5bd5539e9ca4bbdac2507f45a382) Importer(815301076,1909f56bfc062723c751e8b465ee728b)
Start importing Assets/Sprites/Tiles/RiverLeft.png using Guid(430e5bd5539e9ca4bbdac2507f45a382) Importer(815301076,1909f56bfc062723c751e8b465ee728b)  -> (artifact id: '26d830e257219a8b7a1024952deff127') in 0.041560 seconds
  Import took 0.058984 seconds .

========================================================================
Received Import Request.
  Time since last request: 0.000324 seconds.
  path: Assets/Sprites/Tiles/RiverCenter.png
  artifactKey: Guid(5ae70fb9b8cf3b24b928b84dfcacab02) Importer(815301076,1909f56bfc062723c751e8b465ee728b)
Start importing Assets/Sprites/Tiles/RiverCenter.png using Guid(5ae70fb9b8cf3b24b928b84dfcacab02) Importer(815301076,1909f56bfc062723c751e8b465ee728b)  -> (artifact id: 'b8741007bc19debef1ad9aa567b3573e') in 0.036334 seconds
  Import took 0.048215 seconds .

========================================================================
Received Import Request.
  Time since last request: 28.768949 seconds.
  path: Assets/Sprites/Tiles/river.prefab
  artifactKey: Guid(f99b3c0e9804ef54b81b2dc71be48957) Importer(815301076,1909f56bfc062723c751e8b465ee728b)
Start importing Assets/Sprites/Tiles/river.prefab using Guid(f99b3c0e9804ef54b81b2dc71be48957) Importer(815301076,1909f56bfc062723c751e8b465ee728b)  -> (artifact id: 'd14b9e8d0da0400df461bb9358837b07') in 0.071306 seconds
  Import took 0.085956 seconds .

========================================================================
Received Import Request.
  Time since last request: 16.438434 seconds.
  path: Assets/Sprites/Tiles/river.prefab
  artifactKey: Guid(f99b3c0e9804ef54b81b2dc71be48957) Importer(815301076,1909f56bfc062723c751e8b465ee728b)
Start importing Assets/Sprites/Tiles/river.prefab using Guid(f99b3c0e9804ef54b81b2dc71be48957) Importer(815301076,1909f56bfc062723c751e8b465ee728b)  -> (artifact id: '3fbb5db30dfcc38f4cae1fa6937af9aa') in 0.010271 seconds
  Import took 0.047739 seconds .

========================================================================
Received Import Request.
  Time since last request: 0.000294 seconds.
  path: Assets/Sprites/Tiles/RiverCenter.asset
  artifactKey: Guid(01c7035b95b7f8941b4927477a2f8f58) Importer(815301076,1909f56bfc062723c751e8b465ee728b)
Start importing Assets/Sprites/Tiles/RiverCenter.asset using Guid(01c7035b95b7f8941b4927477a2f8f58) Importer(815301076,1909f56bfc062723c751e8b465ee728b)  -> (artifact id: '641879b1a9cf8f21b81ef620da45f179') in 0.075365 seconds
  Import took 0.100201 seconds .

========================================================================
Received Import Request.
  Time since last request: 6.262409 seconds.
  path: Assets/Sprites/Tiles/river.prefab
  artifactKey: Guid(f99b3c0e9804ef54b81b2dc71be48957) Importer(815301076,1909f56bfc062723c751e8b465ee728b)
Start importing Assets/Sprites/Tiles/river.prefab using Guid(f99b3c0e9804ef54b81b2dc71be48957) Importer(815301076,1909f56bfc062723c751e8b465ee728b)  -> (artifact id: '3b291b0eebcc44be253fb5ae0f250b9b') in 0.012437 seconds
  Import took 0.040089 seconds .

========================================================================
Received Import Request.
  Time since last request: 0.000324 seconds.
  path: Assets/Sprites/Tiles/RiverLeft.asset
  artifactKey: Guid(4c4bd0e3356336340802d426b9d98cc5) Importer(815301076,1909f56bfc062723c751e8b465ee728b)
Start importing Assets/Sprites/Tiles/RiverLeft.asset using Guid(4c4bd0e3356336340802d426b9d98cc5) Importer(815301076,1909f56bfc062723c751e8b465ee728b)  -> (artifact id: 'd029a44d357481a2faa4e3e7335a48cf') in 0.031014 seconds
  Import took 0.044631 seconds .

========================================================================
Received Import Request.
  Time since last request: 4.905182 seconds.
  path: Assets/Sprites/Tiles/river.prefab
  artifactKey: Guid(f99b3c0e9804ef54b81b2dc71be48957) Importer(815301076,1909f56bfc062723c751e8b465ee728b)
Start importing Assets/Sprites/Tiles/river.prefab using Guid(f99b3c0e9804ef54b81b2dc71be48957) Importer(815301076,1909f56bfc062723c751e8b465ee728b)  -> (artifact id: 'dd003c88628df713535499ff11d4aa48') in 0.012271 seconds
  Import took 0.016259 seconds .

========================================================================
Received Import Request.
  Time since last request: 0.000233 seconds.
  path: Assets/Sprites/Tiles/RiverRight.asset
  artifactKey: Guid(5eb0daa0130f73245ba1f2ec721dcd52) Importer(815301076,1909f56bfc062723c751e8b465ee728b)
Start importing Assets/Sprites/Tiles/RiverRight.asset using Guid(5eb0daa0130f73245ba1f2ec721dcd52) Importer(815301076,1909f56bfc062723c751e8b465ee728b)  -> (artifact id: 'd270a8bc11ca0b11fc339096249b0a71') in 0.026735 seconds
  Import took 0.031053 seconds .

AssetImportWorkerClient::OnTransportError - code=2 error=End of file
